# JRE version: OpenJDK Runtime Environment Temurin-17.0.5+8 (17.0.5+8) (build 17.0.5+8)
# Java VM: OpenJDK 64-Bit Server VM Temurin-17.0.5+8 (17.0.5+8, mixed mode, tiered, compressed oops, compressed class ptrs, g1 gc, windows-amd64)
GC Precious Log:
 CPUs: 2 total, 2 available
 Memory: 8190M
 Large Page Support: Disabled
 NUMA Support: Disabled
 Compressed Oops: Enabled (32-bit)
 Heap Region Size: 1M
 Heap Min Capacity: 8M
 Heap Initial Capacity: 128M
 Heap Max Capacity: 2G
 Pre-touch: Disabled
 Parallel Workers: 2
 Concurrent Workers: 1
 Concurrent Refinement Workers: 2
 Periodic GC: Disabled
Heap:
 garbage-first heap   total 80896K, used 50176K [0x0000000080000000, 0x0000000100000000)
  region size 1024K, 3 young (3072K), 3 survivors (3072K)
 Metaspace       used 34589K, committed 34880K, reserved 1081344K
  class space    used 3601K, committed 3776K, reserved 1048576K
GC Heap History (20 events):
Event: 4.066 GC heap after
{Heap after GC invocations=4 (full 0):
 garbage-first heap   total 131072K, used 7162K [0x0000000080000000, 0x0000000100000000)
  region size 1024K, 5 young (5120K), 5 survivors (5120K)
 Metaspace       used 20054K, committed 20224K, reserved 1073152K
  class space    used 2119K, committed 2176K, reserved 1048576K
}
Event: 4.297 GC heap before
{Heap before GC invocations=4 (full 0):
 garbage-first heap   total 131072K, used 11258K [0x0000000080000000, 0x0000000100000000)
  region size 1024K, 10 young (10240K), 5 survivors (5120K)
 Metaspace       used 21310K, committed 21504K, reserved 1073152K
  class space    used 2242K, committed 2368K, reserved 1048576K
}
Event: 4.308 GC heap after
{Heap after GC invocations=5 (full 0):
 garbage-first heap   total 131072K, used 7840K [0x0000000080000000, 0x0000000100000000)
  region size 1024K, 5 young (5120K), 5 survivors (5120K)
 Metaspace       used 21310K, committed 21504K, reserved 1073152K
  class space    used 2242K, committed 2368K, reserved 1048576K
}
Event: 4.979 GC heap before
{Heap before GC invocations=6 (full 0):
 garbage-first heap   total 30720K, used 20128K [0x0000000080000000, 0x0000000100000000)
  region size 1024K, 18 young (18432K), 5 survivors (5120K)
 Metaspace       used 22041K, committed 22208K, reserved 1073152K
  class space    used 2297K, committed 2432K, reserved 1048576K
}
Event: 4.997 GC heap after
{Heap after GC invocations=7 (full 0):
 garbage-first heap   total 30720K, used 9455K [0x0000000080000000, 0x0000000100000000)
  region size 1024K, 3 young (3072K), 3 survivors (3072K)
 Metaspace       used 22041K, committed 22208K, reserved 1073152K
  class space    used 2297K, committed 2432K, reserved 1048576K
}
Event: 5.020 GC heap before
{Heap before GC invocations=7 (full 0):
 garbage-first heap   total 30720K, used 10479K [0x0000000080000000, 0x0000000100000000)
  region size 1024K, 4 young (4096K), 3 survivors (3072K)
 Metaspace       used 22042K, committed 22208K, reserved 1073152K
  class space    used 2297K, committed 2432K, reserved 1048576K
}
Event: 5.030 GC heap after
{Heap after GC invocations=8 (full 0):
 garbage-first heap   total 80896K, used 9791K [0x0000000080000000, 0x0000000100000000)
  region size 1024K, 1 young (1024K), 1 survivors (1024K)
 Metaspace       used 22042K, committed 22208K, reserved 1073152K
  class space    used 2297K, committed 2432K, reserved 1048576K
}
Event: 6.335 GC heap before
{Heap before GC invocations=8 (full 0):
 garbage-first heap   total 80896K, used 52799K [0x0000000080000000, 0x0000000100000000)
  region size 1024K, 43 young (44032K), 1 survivors (1024K)
 Metaspace       used 22944K, committed 23168K, reserved 1073152K
  class space    used 2341K, committed 2432K, reserved 1048576K
}
Event: 6.356 GC heap after
{Heap after GC invocations=9 (full 0):
 garbage-first heap   total 80896K, used 13199K [0x0000000080000000, 0x0000000100000000)
  region size 1024K, 4 young (4096K), 4 survivors (4096K)
 Metaspace       used 22944K, committed 23168K, reserved 1073152K
  class space    used 2341K, committed 2432K, reserved 1048576K
}
Event: 9.075 GC heap before
{Heap before GC invocations=9 (full 0):
 garbage-first heap   total 80896K, used 55183K [0x0000000080000000, 0x0000000100000000)
  region size 1024K, 45 young (46080K), 4 survivors (4096K)
 Metaspace       used 25208K, committed 25408K, reserved 1073152K
  class space    used 2527K, committed 2624K, reserved 1048576K
}
Event: 9.087 GC heap after
{Heap after GC invocations=10 (full 0):
 garbage-first heap   total 80896K, used 15327K [0x0000000080000000, 0x0000000100000000)
  region size 1024K, 3 young (3072K), 3 survivors (3072K)
 Metaspace       used 25208K, committed 25408K, reserved 1073152K
  class space    used 2527K, committed 2624K, reserved 1048576K
}
Event: 10.533 GC heap before
{Heap before GC invocations=10 (full 0):
 garbage-first heap   total 80896K, used 58335K [0x0000000080000000, 0x0000000100000000)
  region size 1024K, 44 young (45056K), 3 survivors (3072K)
 Metaspace       used 32937K, committed 33216K, reserved 1081344K
  class space    used 3447K, committed 3584K, reserved 1048576K
}
Event: 10.546 GC heap after
{Heap after GC invocations=11 (full 0):
 garbage-first heap   total 80896K, used 23071K [0x0000000080000000, 0x0000000100000000)
  region size 1024K, 6 young (6144K), 6 survivors (6144K)
 Metaspace       used 32937K, committed 33216K, reserved 1081344K
  class space    used 3447K, committed 3584K, reserved 1048576K
}
Event: 11.347 GC heap before
{Heap before GC invocations=11 (full 0):
 garbage-first heap   total 80896K, used 58911K [0x0000000080000000, 0x0000000100000000)
  region size 1024K, 40 young (40960K), 6 survivors (6144K)
 Metaspace       used 33491K, committed 33728K, reserved 1081344K
  class space    used 3509K, committed 3648K, reserved 1048576K
}
Event: 11.368 GC heap after
{Heap after GC invocations=12 (full 0):
 garbage-first heap   total 80896K, used 32605K [0x0000000080000000, 0x0000000100000000)
  region size 1024K, 5 young (5120K), 5 survivors (5120K)
 Metaspace       used 33491K, committed 33728K, reserved 1081344K
  class space    used 3509K, committed 3648K, reserved 1048576K
}
Event: 13.116 GC heap before
{Heap before GC invocations=12 (full 0):
 garbage-first heap   total 80896K, used 59229K [0x0000000080000000, 0x0000000100000000)
  region size 1024K, 30 young (30720K), 5 survivors (5120K)
 Metaspace       used 34531K, committed 34816K, reserved 1081344K
  class space    used 3601K, committed 3776K, reserved 1048576K
}
Event: 13.127 GC heap after
{Heap after GC invocations=13 (full 0):
 garbage-first heap   total 80896K, used 37376K [0x0000000080000000, 0x0000000100000000)
  region size 1024K, 4 young (4096K), 4 survivors (4096K)
 Metaspace       used 34531K, committed 34816K, reserved 1081344K
  class space    used 3601K, committed 3776K, reserved 1048576K
}
Event: 13.491 GC heap before
{Heap before GC invocations=13 (full 0):
 garbage-first heap   total 80896K, used 57856K [0x0000000080000000, 0x0000000100000000)
  region size 1024K, 24 young (24576K), 4 survivors (4096K)
 Metaspace       used 34559K, committed 34816K, reserved 1081344K
  class space    used 3601K, committed 3776K, reserved 1048576K
}
Event: 13.501 GC heap after
{Heap after GC invocations=14 (full 0):
 garbage-first heap   total 80896K, used 44924K [0x0000000080000000, 0x0000000100000000)
  region size 1024K, 3 young (3072K), 3 survivors (3072K)
 Metaspace       used 34559K, committed 34816K, reserved 1081344K
  class space    used 3601K, committed 3776K, reserved 1048576K
}
Event: 13.843 GC heap before
{Heap before GC invocations=14 (full 0):
 garbage-first heap   total 80896K, used 60284K [0x0000000080000000, 0x0000000100000000)
  region size 1024K, 18 young (18432K), 3 survivors (3072K)
 Metaspace       used 34589K, committed 34880K, reserved 1081344K
  class space    used 3601K, committed 3776K, reserved 1048576K
}

